May 10, 2025, 10:04 am
SELECT CODPRO, EXISTENCIA AS EXISTENCIA, CANRESERVADA AS RESERVADA, PROCOMPUESTO, TIPINV FROM INVENTARIO WHERE CODPRO=:cod_prod;
-------------------------
May 10, 2025, 10:04 am
SELECT CODPRO, EXISTENCIA AS EXISTENCIA, CANRESERVADA AS RESERVADA, PROCOMPUESTO, TIPINV FROM INVENTARIO WHERE CODPRO=:cod_prod;
-------------------------
May 10, 2025, 10:04 am
SELECT CODPRO, EXISTENCIA AS EXISTENCIA, CANRESERVADA AS RESERVADA, PROCOMPUESTO, TIPINV FROM INVENTARIO WHERE CODPRO=:cod_prod;
-------------------------
May 10, 2025, 10:04 am
TRANSACCDETALLES Query: INSERT INTO TRANSACCDETALLES (CONTROL,CODPRO,CANTIDAD,PRECOSUNI,COSTOACT,COSTOPRO, 
                    IMPPOR,MONTOIMP,TOTAL,DESCRIP1,TIPTRAN,FECEMIS,FECEMISS,
                    PRECIO1,UTILPRECIO1,PRECIO2,UTILPRECIO2,PRECIO3,UTILPRECIO3,
                    MONTOCOS,TIPINV,FACCAM1,VALFOB1,COSTOFLE1,COSTOSEG1,VALORCIF1,COSTOARA1,COSTONAC1,COSTOADU1,
                    PAGOCOM1,GASTOADU1,OTROGAS1,COSTOFIN1,FACCAM2,VALFOB2,COSTOFLE2,COSTOSEG2,VALORCIF2,
                    COSTOARA2,COSTONAC2,COSTOADU2,PAGOCOM2,GASTOADU2,OTROGAS2,COSTOFIN2,
                    PRECIOE1,PRECIOE2,PRECIOE3,TIPODET,TIPPRO,TIPREG,CODIGO,
                    COMISVEN,COMISCOB,COMISTIP,CODALENT,FECHORA,PORDES,MONTODESCUENTO,COMPONENTE,FHPRODBASE,
                    PORCOMISION,MONTOCOMISION,DEVUELTA,CANTIDADDEV,ORIGEN,PRECIO,FACTORCAMBIO,
                    IMPPOR2,MONTOIMP2,IMPPOR3,MONTOIMP3,PROCESADO,CODIGODEP,GRUPOINV,CONLINEA,CODVEN,
                    PORRETTAR,MONTORETTAR,MESVENC,FECHAVENCE,LINEAOINV,NOMBRE,
                    PORCOMISDETAIL,PORDESGLO,MONTODESCUENTOGLO,CANTIDADFAC,PORREC,MONTORECARGA,PORRECARGOGLO,
                    MONTORECARGOGLO,CONSIGA,PARCONTROL,CANTIDADEMP,PRECOSUNIEMP) 
                    VALUES (:CONTROL,:CODPRO,:CANTIDAD,:PRECOSUNI,:COSTOACT,:COSTOPRO,
                    :IMPPOR,:MONTOIMP,:TOTAL,:DESCRIP1,:TIPTRAN,:FECEMIS,:FECEMISS,
                    0.00,0.00,0.00,0.00,0.00,0.00,:MONTOCOS,0,
                    0.00,0.00,0.00,0.00,0.00,0.00,0.00,0.00,0.00,0.00,0.00,0.00,
                    0.00,0.00,0.00,0.00,0.00,0.00,0.00,0.00,0.00,0.00,0.00,0.00,
                    0.00,0.00,0.00,0,0,1,:CODIGO,
                    0.00,0.00,0,:CODALENT,:FECHORA,:PORDES,:MONTODESCUENTO,0,:FHPRODBASE,
                    0.00,0.00,0,0.00,0,3,0.00,0.00,0.00,0.00,0.00,0,
                    :CODIGODEP,:GRUPOINV,0,:CODVEN,
                    0.00,0.00,0,0,:LINEAOINV,:NOMBRE,
                    0.00,:PORDESGLO,:MONTODESCUENTOGLO,0.00,0.00,0.00,0.00,0.00,0.00,
                    :PARCONTROL,0.00,0.00);
-------------------------
May 10, 2025, 10:04 am
TRANSACCDETALLES Params: {"CONTROL":"8194836281018772802","CODPRO":"RV-2520","CANTIDAD":"1","PRECOSUNI":"12.41","COSTOACT":"5.8000","COSTOPRO":"6.0050","IMPPOR":".00","MONTOIMP":0,"TOTAL":12.41,"DESCRIP1":"ACIDO TOLFENAMICO 8%  X 100 ML","TIPTRAN":"PEDxCLI","FECEMIS":"81948","FECEMISS":"20250510","MONTOCOS":6.005,"CODIGO":"CL-01-0006","CODALENT":"01","FECHORA":"8194836281018772802","PORDES":0,"MONTODESCUENTO":0,"FHPRODBASE":"8194836281018772802","CODIGODEP":"02","GRUPOINV":"02","CODVEN":"AB","LINEAOINV":"12","NOMBRE":"ALEXANDER BULTRON","PORDESGLO":0,"MONTODESCUENTOGLO":0,"PARCONTROL":"1 "}
-------------------------
May 10, 2025, 10:04 am
INVENTARIO Update: UPDATE INVENTARIO SET CANRESERVADA=ISNULL(CANRESERVADA,0)+:cantidad WHERE CODPRO=:cod_prod;
-------------------------
May 10, 2025, 10:04 am
TRANSACCDETALLES Query: INSERT INTO TRANSACCDETALLES (CONTROL,CODPRO,CANTIDAD,PRECOSUNI,COSTOACT,COSTOPRO, 
                    IMPPOR,MONTOIMP,TOTAL,DESCRIP1,TIPTRAN,FECEMIS,FECEMISS,
                    PRECIO1,UTILPRECIO1,PRECIO2,UTILPRECIO2,PRECIO3,UTILPRECIO3,
                    MONTOCOS,TIPINV,FACCAM1,VALFOB1,COSTOFLE1,COSTOSEG1,VALORCIF1,COSTOARA1,COSTONAC1,COSTOADU1,
                    PAGOCOM1,GASTOADU1,OTROGAS1,COSTOFIN1,FACCAM2,VALFOB2,COSTOFLE2,COSTOSEG2,VALORCIF2,
                    COSTOARA2,COSTONAC2,COSTOADU2,PAGOCOM2,GASTOADU2,OTROGAS2,COSTOFIN2,
                    PRECIOE1,PRECIOE2,PRECIOE3,TIPODET,TIPPRO,TIPREG,CODIGO,
                    COMISVEN,COMISCOB,COMISTIP,CODALENT,FECHORA,PORDES,MONTODESCUENTO,COMPONENTE,FHPRODBASE,
                    PORCOMISION,MONTOCOMISION,DEVUELTA,CANTIDADDEV,ORIGEN,PRECIO,FACTORCAMBIO,
                    IMPPOR2,MONTOIMP2,IMPPOR3,MONTOIMP3,PROCESADO,CODIGODEP,GRUPOINV,CONLINEA,CODVEN,
                    PORRETTAR,MONTORETTAR,MESVENC,FECHAVENCE,LINEAOINV,NOMBRE,
                    PORCOMISDETAIL,PORDESGLO,MONTODESCUENTOGLO,CANTIDADFAC,PORREC,MONTORECARGA,PORRECARGOGLO,
                    MONTORECARGOGLO,CONSIGA,PARCONTROL,CANTIDADEMP,PRECOSUNIEMP) 
                    VALUES (:CONTROL,:CODPRO,:CANTIDAD,:PRECOSUNI,:COSTOACT,:COSTOPRO,
                    :IMPPOR,:MONTOIMP,:TOTAL,:DESCRIP1,:TIPTRAN,:FECEMIS,:FECEMISS,
                    0.00,0.00,0.00,0.00,0.00,0.00,:MONTOCOS,0,
                    0.00,0.00,0.00,0.00,0.00,0.00,0.00,0.00,0.00,0.00,0.00,0.00,
                    0.00,0.00,0.00,0.00,0.00,0.00,0.00,0.00,0.00,0.00,0.00,0.00,
                    0.00,0.00,0.00,0,0,1,:CODIGO,
                    0.00,0.00,0,:CODALENT,:FECHORA,:PORDES,:MONTODESCUENTO,0,:FHPRODBASE,
                    0.00,0.00,0,0.00,0,3,0.00,0.00,0.00,0.00,0.00,0,
                    :CODIGODEP,:GRUPOINV,0,:CODVEN,
                    0.00,0.00,0,0,:LINEAOINV,:NOMBRE,
                    0.00,:PORDESGLO,:MONTODESCUENTOGLO,0.00,0.00,0.00,0.00,0.00,0.00,
                    :PARCONTROL,0.00,0.00);
-------------------------
May 10, 2025, 10:04 am
TRANSACCDETALLES Params: {"CONTROL":"8194836281018772803","CODPRO":"RV-2520","CANTIDAD":"1","PRECOSUNI":"12.41","COSTOACT":"5.8000","COSTOPRO":"6.0050","IMPPOR":".00","MONTOIMP":0,"TOTAL":12.41,"DESCRIP1":"ACIDO TOLFENAMICO 8%  X 100 ML","TIPTRAN":"PEDxCLI","FECEMIS":"81948","FECEMISS":"20250510","MONTOCOS":6.005,"CODIGO":"CL-01-0006","CODALENT":"01","FECHORA":"8194836281018772803","PORDES":0,"MONTODESCUENTO":0,"FHPRODBASE":"8194836281018772803","CODIGODEP":"02","GRUPOINV":"02","CODVEN":"AB","LINEAOINV":"12","NOMBRE":"ALEXANDER BULTRON","PORDESGLO":0,"MONTODESCUENTOGLO":0,"PARCONTROL":"1 "}
-------------------------
May 10, 2025, 10:04 am
INVENTARIO Update: UPDATE INVENTARIO SET CANRESERVADA=ISNULL(CANRESERVADA,0)+:cantidad WHERE CODPRO=:cod_prod;
-------------------------
May 10, 2025, 10:04 am
TRANSACCDETALLES Query: INSERT INTO TRANSACCDETALLES (CONTROL,CODPRO,CANTIDAD,PRECOSUNI,COSTOACT,COSTOPRO, 
                    IMPPOR,MONTOIMP,TOTAL,DESCRIP1,TIPTRAN,FECEMIS,FECEMISS,
                    PRECIO1,UTILPRECIO1,PRECIO2,UTILPRECIO2,PRECIO3,UTILPRECIO3,
                    MONTOCOS,TIPINV,FACCAM1,VALFOB1,COSTOFLE1,COSTOSEG1,VALORCIF1,COSTOARA1,COSTONAC1,COSTOADU1,
                    PAGOCOM1,GASTOADU1,OTROGAS1,COSTOFIN1,FACCAM2,VALFOB2,COSTOFLE2,COSTOSEG2,VALORCIF2,
                    COSTOARA2,COSTONAC2,COSTOADU2,PAGOCOM2,GASTOADU2,OTROGAS2,COSTOFIN2,
                    PRECIOE1,PRECIOE2,PRECIOE3,TIPODET,TIPPRO,TIPREG,CODIGO,
                    COMISVEN,COMISCOB,COMISTIP,CODALENT,FECHORA,PORDES,MONTODESCUENTO,COMPONENTE,FHPRODBASE,
                    PORCOMISION,MONTOCOMISION,DEVUELTA,CANTIDADDEV,ORIGEN,PRECIO,FACTORCAMBIO,
                    IMPPOR2,MONTOIMP2,IMPPOR3,MONTOIMP3,PROCESADO,CODIGODEP,GRUPOINV,CONLINEA,CODVEN,
                    PORRETTAR,MONTORETTAR,MESVENC,FECHAVENCE,LINEAOINV,NOMBRE,
                    PORCOMISDETAIL,PORDESGLO,MONTODESCUENTOGLO,CANTIDADFAC,PORREC,MONTORECARGA,PORRECARGOGLO,
                    MONTORECARGOGLO,CONSIGA,PARCONTROL,CANTIDADEMP,PRECOSUNIEMP) 
                    VALUES (:CONTROL,:CODPRO,:CANTIDAD,:PRECOSUNI,:COSTOACT,:COSTOPRO,
                    :IMPPOR,:MONTOIMP,:TOTAL,:DESCRIP1,:TIPTRAN,:FECEMIS,:FECEMISS,
                    0.00,0.00,0.00,0.00,0.00,0.00,:MONTOCOS,0,
                    0.00,0.00,0.00,0.00,0.00,0.00,0.00,0.00,0.00,0.00,0.00,0.00,
                    0.00,0.00,0.00,0.00,0.00,0.00,0.00,0.00,0.00,0.00,0.00,0.00,
                    0.00,0.00,0.00,0,0,1,:CODIGO,
                    0.00,0.00,0,:CODALENT,:FECHORA,:PORDES,:MONTODESCUENTO,0,:FHPRODBASE,
                    0.00,0.00,0,0.00,0,3,0.00,0.00,0.00,0.00,0.00,0,
                    :CODIGODEP,:GRUPOINV,0,:CODVEN,
                    0.00,0.00,0,0,:LINEAOINV,:NOMBRE,
                    0.00,:PORDESGLO,:MONTODESCUENTOGLO,0.00,0.00,0.00,0.00,0.00,0.00,
                    :PARCONTROL,0.00,0.00);
-------------------------
May 10, 2025, 10:04 am
TRANSACCDETALLES Params: {"CONTROL":"8194836281018772804","CODPRO":"RV-2405","CANTIDAD":"1","PRECOSUNI":"15.36","COSTOACT":"6.9104","COSTOPRO":"6.9104","IMPPOR":".00","MONTOIMP":0,"TOTAL":15.36,"DESCRIP1":"ATREVIA ONE LARGE X 1 TAB","TIPTRAN":"PEDxCLI","FECEMIS":"81948","FECEMISS":"20250510","MONTOCOS":6.9104,"CODIGO":"CL-01-0006","CODALENT":"01","FECHORA":"8194836281018772804","PORDES":0,"MONTODESCUENTO":0,"FHPRODBASE":"8194836281018772804","CODIGODEP":"01","GRUPOINV":"04","CODVEN":"AB","LINEAOINV":"05","NOMBRE":"ALEXANDER BULTRON","PORDESGLO":0,"MONTODESCUENTOGLO":0,"PARCONTROL":"1 "}
-------------------------
May 10, 2025, 10:04 am
INVENTARIO Update: UPDATE INVENTARIO SET CANRESERVADA=ISNULL(CANRESERVADA,0)+:cantidad WHERE CODPRO=:cod_prod;
-------------------------
May 10, 2025, 10:04 am
BASEEMPRESA Update: UPDATE BASEEMPRESA SET NROPEDCLI = (NROPEDCLI + 1) WHERE CONTROL=:control;
-------------------------
May 10, 2025, 10:04 am
TRANSACCMAESTRO Query: INSERT INTO TRANSACCMAESTRO (CONTROL,TIPREG,CODIGO,TIPTRAN,NUMREF,DESCRIP1,FECEMIS,FECEMISS,DIASVEN,FECVENC,FECVENCS,MONTOBRU,MONTODES,PORDES,MONTOSUB,MONTOIMP,PORIMP,MONTOPAG,MONTOTOT,MONTOSAL,MONTOEFE,MONTOCHE,MONTOTAR,NOMBRE,MARCA,CONTADOR,TOTCONTADOR,CONTROLDOC,MONTOPAGF,RIF,NIT,MONTOCOS,TIPODOC,CAMBIO,CODVEN,TIPOCLI,COMISV,COMISC,MONTORET,PORRET,MONTOPA,COMISVEN,COMISCOB,DIRECCION,CODALENT,ACTBANCO,MONTODESCUENTO,MARCARE,HORA,CODUSER,TOTALEXENTAS,BASEIMPONIBLE,OTRAPLAZA,BASEIMPONIBLEIVA,FACTORCAMBIO,SIGNOMONEDA,PARCONTROL,VALIDOREIMPRIMIR) VALUES (:CONTROL,:TIPREG,:CODIGO,:TIPTRAN,:NUMREF,:DESCRIP1,:FECEMIS,:FECEMISS,:DIASVEN,:FECVENC,:FECVENCS,:MONTOBRU,:MONTODES,:PORDES,:MONTOSUB,:MONTOIMP,:PORIMP,:MONTOPAG,:MONTOTOT,:MONTOSAL,:MONTOEFE,:MONTOCHE,:MONTOTAR,:NOMBRE,:MARCA,:CONTADOR,:TOTCONTADOR,:CONTROLDOC,:MONTOPAGF,:RIF,:NIT,:MONTOCOS,:TIPODOC,:CAMBIO,:CODVEN,:TIPOCLI,:COMISV,:COMISC,:MONTORET,:PORRET,:MONTOPA,:COMISVEN,:COMISCOB,:DIRECCION,:CODALENT,:ACTBANCO,:MONTODESCUENTO,:MARCARE,:HORA,:CODUSER,:TOTALEXENTAS,:BASEIMPONIBLE,:OTRAPLAZA,:BASEIMPONIBLEIVA,:FACTORCAMBIO,:SIGNOMONEDA,:PARCONTROL,:VALIDOREIMPRIMIR);
-------------------------
May 10, 2025, 10:04 am
TRANSACCMAESTRO Params: {":CONTROL":"8194836281018772801",":TIPREG":1,":CODIGO":"CL-01-0006",":TIPTRAN":"PEDxCLI",":NUMREF":"0000000269",":DESCRIP1":"Cotizaciones 0000000269",":FECEMIS":"81948",":FECEMISS":"20250510",":DIASVEN":"30",":FECVENC":"81948",":FECVENCS":"20250510",":MONTOBRU":40.18,":MONTODES":0,":PORDES":0,":MONTOSUB":40.18,":MONTOIMP":0,":PORIMP":0,":MONTOPAG":0,":MONTOTOT":40.18,":MONTOSAL":40.18,":MONTOEFE":0,":MONTOCHE":0,":MONTOTAR":0,":NOMBRE":"EMILY ARLENE LEON LUO, AGROVET  FRONTERA",":MARCA":0,":CONTADOR":1,":TOTCONTADOR":0,":CONTROLDOC":"8194836281018772801",":MONTOPAGF":40.18,":RIF":"8-934-216",":NIT":"89",":MONTOCOS":0,":TIPODOC":0,":CAMBIO":0,":CODVEN":"AB",":TIPOCLI":"Contribuyente",":COMISV":0,":COMISC":0,":MONTORET":0,":PORRET":0,":MONTOPA":0,":COMISVEN":0,":COMISCOB":0,":DIRECCION":"C  PPAL EDIF. COLOR NARANJA A UN  COSTADO DE",":CODALENT":"01",":ACTBANCO":0,":MONTODESCUENTO":0,":MARCARE":0,":HORA":"3628101",":CODUSER":"001",":TOTALEXENTAS":0,":BASEIMPONIBLE":40.18,":OTRAPLAZA":0,":BASEIMPONIBLEIVA":40.18,":FACTORCAMBIO":1,":SIGNOMONEDA":"Balboa",":PARCONTROL":"1 ",":VALIDOREIMPRIMIR":""}
-------------------------
May 10, 2025, 10:18 am
SELECT CODPRO, EXISTENCIA AS EXISTENCIA, CANRESERVADA AS RESERVADA, PROCOMPUESTO, TIPINV FROM INVENTARIO WHERE CODPRO=:cod_prod;
-------------------------
May 10, 2025, 10:18 am
SELECT CODPRO, EXISTENCIA AS EXISTENCIA, CANRESERVADA AS RESERVADA, PROCOMPUESTO, TIPINV FROM INVENTARIO WHERE CODPRO=:cod_prod;
-------------------------
May 10, 2025, 10:18 am
TRANSACCDETALLES Query: INSERT INTO TRANSACCDETALLES (CONTROL,CODPRO,CANTIDAD,PRECOSUNI,COSTOACT,COSTOPRO, 
                    IMPPOR,MONTOIMP,TOTAL,DESCRIP1,TIPTRAN,FECEMIS,FECEMISS,
                    PRECIO1,UTILPRECIO1,PRECIO2,UTILPRECIO2,PRECIO3,UTILPRECIO3,
                    MONTOCOS,TIPINV,FACCAM1,VALFOB1,COSTOFLE1,COSTOSEG1,VALORCIF1,COSTOARA1,COSTONAC1,COSTOADU1,
                    PAGOCOM1,GASTOADU1,OTROGAS1,COSTOFIN1,FACCAM2,VALFOB2,COSTOFLE2,COSTOSEG2,VALORCIF2,
                    COSTOARA2,COSTONAC2,COSTOADU2,PAGOCOM2,GASTOADU2,OTROGAS2,COSTOFIN2,
                    PRECIOE1,PRECIOE2,PRECIOE3,TIPODET,TIPPRO,TIPREG,CODIGO,
                    COMISVEN,COMISCOB,COMISTIP,CODALENT,FECHORA,PORDES,MONTODESCUENTO,COMPONENTE,FHPRODBASE,
                    PORCOMISION,MONTOCOMISION,DEVUELTA,CANTIDADDEV,ORIGEN,PRECIO,FACTORCAMBIO,
                    IMPPOR2,MONTOIMP2,IMPPOR3,MONTOIMP3,PROCESADO,CODIGODEP,GRUPOINV,CONLINEA,CODVEN,
                    PORRETTAR,MONTORETTAR,MESVENC,FECHAVENCE,LINEAOINV,NOMBRE,
                    PORCOMISDETAIL,PORDESGLO,MONTODESCUENTOGLO,CANTIDADFAC,PORREC,MONTORECARGA,PORRECARGOGLO,
                    MONTORECARGOGLO,CONSIGA,PARCONTROL,CANTIDADEMP,PRECOSUNIEMP) 
                    VALUES (:CONTROL,:CODPRO,:CANTIDAD,:PRECOSUNI,:COSTOACT,:COSTOPRO,
                    :IMPPOR,:MONTOIMP,:TOTAL,:DESCRIP1,:TIPTRAN,:FECEMIS,:FECEMISS,
                    0.00,0.00,0.00,0.00,0.00,0.00,:MONTOCOS,0,
                    0.00,0.00,0.00,0.00,0.00,0.00,0.00,0.00,0.00,0.00,0.00,0.00,
                    0.00,0.00,0.00,0.00,0.00,0.00,0.00,0.00,0.00,0.00,0.00,0.00,
                    0.00,0.00,0.00,0,0,1,:CODIGO,
                    0.00,0.00,0,:CODALENT,:FECHORA,:PORDES,:MONTODESCUENTO,0,:FHPRODBASE,
                    0.00,0.00,0,0.00,0,3,0.00,0.00,0.00,0.00,0.00,0,
                    :CODIGODEP,:GRUPOINV,0,:CODVEN,
                    0.00,0.00,0,0,:LINEAOINV,:NOMBRE,
                    0.00,:PORDESGLO,:MONTODESCUENTOGLO,0.00,0.00,0.00,0.00,0.00,0.00,
                    :PARCONTROL,0.00,0.00);
-------------------------
May 10, 2025, 10:18 am
TRANSACCDETALLES Params: {"CONTROL":"8194837110011135802","CODPRO":"RV-2425","CANTIDAD":"1","PRECOSUNI":"11.89","COSTOACT":"3.5667","COSTOPRO":"3.5667","IMPPOR":".00","MONTOIMP":0,"TOTAL":11.89,"DESCRIP1":"CANI-TABS CALMING+RELAX X 60 TAB","TIPTRAN":"PEDxCLI","FECEMIS":"81948","FECEMISS":"20250510","MONTOCOS":3.5667,"CODIGO":"CL-01-0006","CODALENT":"01","FECHORA":"8194837110011135802","PORDES":0,"MONTODESCUENTO":0,"FHPRODBASE":"8194837110011135802","CODIGODEP":"01","GRUPOINV":"03","CODVEN":"AB","LINEAOINV":"12","NOMBRE":"ALEXANDER BULTRON","PORDESGLO":0,"MONTODESCUENTOGLO":0,"PARCONTROL":"1 "}
-------------------------
May 10, 2025, 10:18 am
INVENTARIO Update: UPDATE INVENTARIO SET CANRESERVADA=ISNULL(CANRESERVADA,0)+:cantidad WHERE CODPRO=:cod_prod;
-------------------------
May 10, 2025, 10:18 am
TRANSACCDETALLES Query: INSERT INTO TRANSACCDETALLES (CONTROL,CODPRO,CANTIDAD,PRECOSUNI,COSTOACT,COSTOPRO, 
                    IMPPOR,MONTOIMP,TOTAL,DESCRIP1,TIPTRAN,FECEMIS,FECEMISS,
                    PRECIO1,UTILPRECIO1,PRECIO2,UTILPRECIO2,PRECIO3,UTILPRECIO3,
                    MONTOCOS,TIPINV,FACCAM1,VALFOB1,COSTOFLE1,COSTOSEG1,VALORCIF1,COSTOARA1,COSTONAC1,COSTOADU1,
                    PAGOCOM1,GASTOADU1,OTROGAS1,COSTOFIN1,FACCAM2,VALFOB2,COSTOFLE2,COSTOSEG2,VALORCIF2,
                    COSTOARA2,COSTONAC2,COSTOADU2,PAGOCOM2,GASTOADU2,OTROGAS2,COSTOFIN2,
                    PRECIOE1,PRECIOE2,PRECIOE3,TIPODET,TIPPRO,TIPREG,CODIGO,
                    COMISVEN,COMISCOB,COMISTIP,CODALENT,FECHORA,PORDES,MONTODESCUENTO,COMPONENTE,FHPRODBASE,
                    PORCOMISION,MONTOCOMISION,DEVUELTA,CANTIDADDEV,ORIGEN,PRECIO,FACTORCAMBIO,
                    IMPPOR2,MONTOIMP2,IMPPOR3,MONTOIMP3,PROCESADO,CODIGODEP,GRUPOINV,CONLINEA,CODVEN,
                    PORRETTAR,MONTORETTAR,MESVENC,FECHAVENCE,LINEAOINV,NOMBRE,
                    PORCOMISDETAIL,PORDESGLO,MONTODESCUENTOGLO,CANTIDADFAC,PORREC,MONTORECARGA,PORRECARGOGLO,
                    MONTORECARGOGLO,CONSIGA,PARCONTROL,CANTIDADEMP,PRECOSUNIEMP) 
                    VALUES (:CONTROL,:CODPRO,:CANTIDAD,:PRECOSUNI,:COSTOACT,:COSTOPRO,
                    :IMPPOR,:MONTOIMP,:TOTAL,:DESCRIP1,:TIPTRAN,:FECEMIS,:FECEMISS,
                    0.00,0.00,0.00,0.00,0.00,0.00,:MONTOCOS,0,
                    0.00,0.00,0.00,0.00,0.00,0.00,0.00,0.00,0.00,0.00,0.00,0.00,
                    0.00,0.00,0.00,0.00,0.00,0.00,0.00,0.00,0.00,0.00,0.00,0.00,
                    0.00,0.00,0.00,0,0,1,:CODIGO,
                    0.00,0.00,0,:CODALENT,:FECHORA,:PORDES,:MONTODESCUENTO,0,:FHPRODBASE,
                    0.00,0.00,0,0.00,0,3,0.00,0.00,0.00,0.00,0.00,0,
                    :CODIGODEP,:GRUPOINV,0,:CODVEN,
                    0.00,0.00,0,0,:LINEAOINV,:NOMBRE,
                    0.00,:PORDESGLO,:MONTODESCUENTOGLO,0.00,0.00,0.00,0.00,0.00,0.00,
                    :PARCONTROL,0.00,0.00);
-------------------------
May 10, 2025, 10:18 am
TRANSACCDETALLES Params: {"CONTROL":"8194837110011135803","CODPRO":"RV-2442","CANTIDAD":"1","PRECOSUNI":"14.49","COSTOACT":"5.7958","COSTOPRO":"5.7958","IMPPOR":".00","MONTOIMP":0,"TOTAL":14.49,"DESCRIP1":"CLINDA-TABS 150 FT X 30 TAB","TIPTRAN":"PEDxCLI","FECEMIS":"81948","FECEMISS":"20250510","MONTOCOS":5.7958,"CODIGO":"CL-01-0006","CODALENT":"01","FECHORA":"8194837110011135803","PORDES":0,"MONTODESCUENTO":0,"FHPRODBASE":"8194837110011135803","CODIGODEP":"01","GRUPOINV":"03","CODVEN":"AB","LINEAOINV":"03","NOMBRE":"ALEXANDER BULTRON","PORDESGLO":0,"MONTODESCUENTOGLO":0,"PARCONTROL":"1 "}
-------------------------
May 10, 2025, 10:18 am
INVENTARIO Update: UPDATE INVENTARIO SET CANRESERVADA=ISNULL(CANRESERVADA,0)+:cantidad WHERE CODPRO=:cod_prod;
-------------------------
May 10, 2025, 10:18 am
BASEEMPRESA Update: UPDATE BASEEMPRESA SET NROPEDCLI = (NROPEDCLI + 1) WHERE CONTROL=:control;
-------------------------
May 10, 2025, 10:18 am
TRANSACCMAESTRO Query: INSERT INTO TRANSACCMAESTRO (CONTROL,TIPREG,CODIGO,TIPTRAN,NUMREF,DESCRIP1,FECEMIS,FECEMISS,DIASVEN,FECVENC,FECVENCS,MONTOBRU,MONTODES,PORDES,MONTOSUB,MONTOIMP,PORIMP,MONTOPAG,MONTOTOT,MONTOSAL,MONTOEFE,MONTOCHE,MONTOTAR,NOMBRE,MARCA,CONTADOR,TOTCONTADOR,CONTROLDOC,MONTOPAGF,RIF,NIT,MONTOCOS,TIPODOC,CAMBIO,CODVEN,TIPOCLI,COMISV,COMISC,MONTORET,PORRET,MONTOPA,COMISVEN,COMISCOB,DIRECCION,CODALENT,ACTBANCO,MONTODESCUENTO,MARCARE,HORA,CODUSER,TOTALEXENTAS,BASEIMPONIBLE,OTRAPLAZA,BASEIMPONIBLEIVA,FACTORCAMBIO,SIGNOMONEDA,PARCONTROL,VALIDOREIMPRIMIR) VALUES (:CONTROL,:TIPREG,:CODIGO,:TIPTRAN,:NUMREF,:DESCRIP1,:FECEMIS,:FECEMISS,:DIASVEN,:FECVENC,:FECVENCS,:MONTOBRU,:MONTODES,:PORDES,:MONTOSUB,:MONTOIMP,:PORIMP,:MONTOPAG,:MONTOTOT,:MONTOSAL,:MONTOEFE,:MONTOCHE,:MONTOTAR,:NOMBRE,:MARCA,:CONTADOR,:TOTCONTADOR,:CONTROLDOC,:MONTOPAGF,:RIF,:NIT,:MONTOCOS,:TIPODOC,:CAMBIO,:CODVEN,:TIPOCLI,:COMISV,:COMISC,:MONTORET,:PORRET,:MONTOPA,:COMISVEN,:COMISCOB,:DIRECCION,:CODALENT,:ACTBANCO,:MONTODESCUENTO,:MARCARE,:HORA,:CODUSER,:TOTALEXENTAS,:BASEIMPONIBLE,:OTRAPLAZA,:BASEIMPONIBLEIVA,:FACTORCAMBIO,:SIGNOMONEDA,:PARCONTROL,:VALIDOREIMPRIMIR);
-------------------------
May 10, 2025, 10:18 am
TRANSACCMAESTRO Params: {":CONTROL":"8194837110011135801",":TIPREG":1,":CODIGO":"CL-01-0006",":TIPTRAN":"PEDxCLI",":NUMREF":"0000000270",":DESCRIP1":"Cotizaciones 0000000270",":FECEMIS":"81948",":FECEMISS":"20250510",":DIASVEN":"30",":FECVENC":"81948",":FECVENCS":"20250510",":MONTOBRU":26.38,":MONTODES":0,":PORDES":0,":MONTOSUB":26.38,":MONTOIMP":0,":PORIMP":0,":MONTOPAG":0,":MONTOTOT":26.38,":MONTOSAL":26.38,":MONTOEFE":0,":MONTOCHE":0,":MONTOTAR":0,":NOMBRE":"EMILY ARLENE LEON LUO, AGROVET  FRONTERA",":MARCA":0,":CONTADOR":1,":TOTCONTADOR":0,":CONTROLDOC":"8194837110011135801",":MONTOPAGF":26.38,":RIF":"8-934-216",":NIT":"89",":MONTOCOS":0,":TIPODOC":0,":CAMBIO":0,":CODVEN":"AB",":TIPOCLI":"Contribuyente",":COMISV":0,":COMISC":0,":MONTORET":0,":PORRET":0,":MONTOPA":0,":COMISVEN":0,":COMISCOB":0,":DIRECCION":"C  PPAL EDIF. COLOR NARANJA A UN  COSTADO DE",":CODALENT":"01",":ACTBANCO":0,":MONTODESCUENTO":0,":MARCARE":0,":HORA":"3711001",":CODUSER":"001",":TOTALEXENTAS":0,":BASEIMPONIBLE":26.38,":OTRAPLAZA":0,":BASEIMPONIBLEIVA":26.38,":FACTORCAMBIO":1,":SIGNOMONEDA":"Balboa",":PARCONTROL":"1 ",":VALIDOREIMPRIMIR":""}
-------------------------
May 10, 2025, 11:11 am
SELECT CODPRO, EXISTENCIA AS EXISTENCIA, CANRESERVADA AS RESERVADA, PROCOMPUESTO, TIPINV FROM INVENTARIO WHERE CODPRO=:cod_prod;
-------------------------
May 10, 2025, 11:11 am
SELECT CODPRO, EXISTENCIA AS EXISTENCIA, CANRESERVADA AS RESERVADA, PROCOMPUESTO, TIPINV FROM INVENTARIO WHERE CODPRO=:cod_prod;
-------------------------
May 10, 2025, 11:11 am
TRANSACCDETALLES Query: INSERT INTO TRANSACCDETALLES (CONTROL,CODPRO,CANTIDAD,PRECOSUNI,COSTOACT,COSTOPRO, 
                    IMPPOR,MONTOIMP,TOTAL,DESCRIP1,TIPTRAN,FECEMIS,FECEMISS,
                    PRECIO1,UTILPRECIO1,PRECIO2,UTILPRECIO2,PRECIO3,UTILPRECIO3,
                    MONTOCOS,TIPINV,FACCAM1,VALFOB1,COSTOFLE1,COSTOSEG1,VALORCIF1,COSTOARA1,COSTONAC1,COSTOADU1,
                    PAGOCOM1,GASTOADU1,OTROGAS1,COSTOFIN1,FACCAM2,VALFOB2,COSTOFLE2,COSTOSEG2,VALORCIF2,
                    COSTOARA2,COSTONAC2,COSTOADU2,PAGOCOM2,GASTOADU2,OTROGAS2,COSTOFIN2,
                    PRECIOE1,PRECIOE2,PRECIOE3,TIPODET,TIPPRO,TIPREG,CODIGO,
                    COMISVEN,COMISCOB,COMISTIP,CODALENT,FECHORA,PORDES,MONTODESCUENTO,COMPONENTE,FHPRODBASE,
                    PORCOMISION,MONTOCOMISION,DEVUELTA,CANTIDADDEV,ORIGEN,PRECIO,FACTORCAMBIO,
                    IMPPOR2,MONTOIMP2,IMPPOR3,MONTOIMP3,PROCESADO,CODIGODEP,GRUPOINV,CONLINEA,CODVEN,
                    PORRETTAR,MONTORETTAR,MESVENC,FECHAVENCE,LINEAOINV,NOMBRE,
                    PORCOMISDETAIL,PORDESGLO,MONTODESCUENTOGLO,CANTIDADFAC,PORREC,MONTORECARGA,PORRECARGOGLO,
                    MONTORECARGOGLO,CONSIGA,PARCONTROL,CANTIDADEMP,PRECOSUNIEMP) 
                    VALUES (:CONTROL,:CODPRO,:CANTIDAD,:PRECOSUNI,:COSTOACT,:COSTOPRO,
                    :IMPPOR,:MONTOIMP,:TOTAL,:DESCRIP1,:TIPTRAN,:FECEMIS,:FECEMISS,
                    0.00,0.00,0.00,0.00,0.00,0.00,:MONTOCOS,0,
                    0.00,0.00,0.00,0.00,0.00,0.00,0.00,0.00,0.00,0.00,0.00,0.00,
                    0.00,0.00,0.00,0.00,0.00,0.00,0.00,0.00,0.00,0.00,0.00,0.00,
                    0.00,0.00,0.00,0,0,1,:CODIGO,
                    0.00,0.00,0,:CODALENT,:FECHORA,:PORDES,:MONTODESCUENTO,0,:FHPRODBASE,
                    0.00,0.00,0,0.00,0,3,0.00,0.00,0.00,0.00,0.00,0,
                    :CODIGODEP,:GRUPOINV,0,:CODVEN,
                    0.00,0.00,0,0,:LINEAOINV,:NOMBRE,
                    0.00,:PORDESGLO,:MONTODESCUENTOGLO,0.00,0.00,0.00,0.00,0.00,0.00,
                    :PARCONTROL,0.00,0.00);
-------------------------
May 10, 2025, 11:11 am
TRANSACCDETALLES Params: {"CONTROL":"8194840264013415502","CODPRO":"RV-2520","CANTIDAD":"1","PRECOSUNI":"12.41","COSTOACT":"5.8000","COSTOPRO":"6.0050","IMPPOR":".00","MONTOIMP":0,"TOTAL":12.41,"DESCRIP1":"ACIDO TOLFENAMICO 8%  X 100 ML","TIPTRAN":"PEDxCLI","FECEMIS":"81948","FECEMISS":"20250510","MONTOCOS":6.005,"CODIGO":"CL-01-0006","CODALENT":"01","FECHORA":"8194840264013415502","PORDES":0,"MONTODESCUENTO":0,"FHPRODBASE":"8194840264013415502","CODIGODEP":"02","GRUPOINV":"02","CODVEN":"DEMO","LINEAOINV":"12","NOMBRE":"VENDEDOR DEMO","PORDESGLO":0,"MONTODESCUENTOGLO":0,"PARCONTROL":"1 "}
-------------------------
May 10, 2025, 11:11 am
INVENTARIO Update: UPDATE INVENTARIO SET CANRESERVADA=ISNULL(CANRESERVADA,0)+:cantidad WHERE CODPRO=:cod_prod;
-------------------------
May 10, 2025, 11:11 am
TRANSACCDETALLES Query: INSERT INTO TRANSACCDETALLES (CONTROL,CODPRO,CANTIDAD,PRECOSUNI,COSTOACT,COSTOPRO, 
                    IMPPOR,MONTOIMP,TOTAL,DESCRIP1,TIPTRAN,FECEMIS,FECEMISS,
                    PRECIO1,UTILPRECIO1,PRECIO2,UTILPRECIO2,PRECIO3,UTILPRECIO3,
                    MONTOCOS,TIPINV,FACCAM1,VALFOB1,COSTOFLE1,COSTOSEG1,VALORCIF1,COSTOARA1,COSTONAC1,COSTOADU1,
                    PAGOCOM1,GASTOADU1,OTROGAS1,COSTOFIN1,FACCAM2,VALFOB2,COSTOFLE2,COSTOSEG2,VALORCIF2,
                    COSTOARA2,COSTONAC2,COSTOADU2,PAGOCOM2,GASTOADU2,OTROGAS2,COSTOFIN2,
                    PRECIOE1,PRECIOE2,PRECIOE3,TIPODET,TIPPRO,TIPREG,CODIGO,
                    COMISVEN,COMISCOB,COMISTIP,CODALENT,FECHORA,PORDES,MONTODESCUENTO,COMPONENTE,FHPRODBASE,
                    PORCOMISION,MONTOCOMISION,DEVUELTA,CANTIDADDEV,ORIGEN,PRECIO,FACTORCAMBIO,
                    IMPPOR2,MONTOIMP2,IMPPOR3,MONTOIMP3,PROCESADO,CODIGODEP,GRUPOINV,CONLINEA,CODVEN,
                    PORRETTAR,MONTORETTAR,MESVENC,FECHAVENCE,LINEAOINV,NOMBRE,
                    PORCOMISDETAIL,PORDESGLO,MONTODESCUENTOGLO,CANTIDADFAC,PORREC,MONTORECARGA,PORRECARGOGLO,
                    MONTORECARGOGLO,CONSIGA,PARCONTROL,CANTIDADEMP,PRECOSUNIEMP) 
                    VALUES (:CONTROL,:CODPRO,:CANTIDAD,:PRECOSUNI,:COSTOACT,:COSTOPRO,
                    :IMPPOR,:MONTOIMP,:TOTAL,:DESCRIP1,:TIPTRAN,:FECEMIS,:FECEMISS,
                    0.00,0.00,0.00,0.00,0.00,0.00,:MONTOCOS,0,
                    0.00,0.00,0.00,0.00,0.00,0.00,0.00,0.00,0.00,0.00,0.00,0.00,
                    0.00,0.00,0.00,0.00,0.00,0.00,0.00,0.00,0.00,0.00,0.00,0.00,
                    0.00,0.00,0.00,0,0,1,:CODIGO,
                    0.00,0.00,0,:CODALENT,:FECHORA,:PORDES,:MONTODESCUENTO,0,:FHPRODBASE,
                    0.00,0.00,0,0.00,0,3,0.00,0.00,0.00,0.00,0.00,0,
                    :CODIGODEP,:GRUPOINV,0,:CODVEN,
                    0.00,0.00,0,0,:LINEAOINV,:NOMBRE,
                    0.00,:PORDESGLO,:MONTODESCUENTOGLO,0.00,0.00,0.00,0.00,0.00,0.00,
                    :PARCONTROL,0.00,0.00);
-------------------------
May 10, 2025, 11:11 am
TRANSACCDETALLES Params: {"CONTROL":"8194840264013415503","CODPRO":"RV-2425","CANTIDAD":"1","PRECOSUNI":"11.89","COSTOACT":"3.5667","COSTOPRO":"3.5667","IMPPOR":".00","MONTOIMP":0,"TOTAL":11.89,"DESCRIP1":"CANI-TABS CALMING+RELAX X 60 TAB","TIPTRAN":"PEDxCLI","FECEMIS":"81948","FECEMISS":"20250510","MONTOCOS":3.5667,"CODIGO":"CL-01-0006","CODALENT":"01","FECHORA":"8194840264013415503","PORDES":0,"MONTODESCUENTO":0,"FHPRODBASE":"8194840264013415503","CODIGODEP":"01","GRUPOINV":"03","CODVEN":"DEMO","LINEAOINV":"12","NOMBRE":"VENDEDOR DEMO","PORDESGLO":0,"MONTODESCUENTOGLO":0,"PARCONTROL":"1 "}
-------------------------
May 10, 2025, 11:11 am
INVENTARIO Update: UPDATE INVENTARIO SET CANRESERVADA=ISNULL(CANRESERVADA,0)+:cantidad WHERE CODPRO=:cod_prod;
-------------------------
May 10, 2025, 11:11 am
BASEEMPRESA Update: UPDATE BASEEMPRESA SET NROPEDCLI = (NROPEDCLI + 1) WHERE CONTROL=:control;
-------------------------
May 10, 2025, 11:11 am
TRANSACCMAESTRO Query: INSERT INTO TRANSACCMAESTRO (CONTROL,TIPREG,CODIGO,TIPTRAN,NUMREF,DESCRIP1,FECEMIS,FECEMISS,DIASVEN,FECVENC,FECVENCS,MONTOBRU,MONTODES,PORDES,MONTOSUB,MONTOIMP,PORIMP,MONTOPAG,MONTOTOT,MONTOSAL,MONTOEFE,MONTOCHE,MONTOTAR,NOMBRE,MARCA,CONTADOR,TOTCONTADOR,CONTROLDOC,MONTOPAGF,RIF,NIT,MONTOCOS,TIPODOC,CAMBIO,CODVEN,TIPOCLI,COMISV,COMISC,MONTORET,PORRET,MONTOPA,COMISVEN,COMISCOB,DIRECCION,CODALENT,ACTBANCO,MONTODESCUENTO,MARCARE,HORA,CODUSER,TOTALEXENTAS,BASEIMPONIBLE,OTRAPLAZA,BASEIMPONIBLEIVA,FACTORCAMBIO,SIGNOMONEDA,PARCONTROL,VALIDOREIMPRIMIR) VALUES (:CONTROL,:TIPREG,:CODIGO,:TIPTRAN,:NUMREF,:DESCRIP1,:FECEMIS,:FECEMISS,:DIASVEN,:FECVENC,:FECVENCS,:MONTOBRU,:MONTODES,:PORDES,:MONTOSUB,:MONTOIMP,:PORIMP,:MONTOPAG,:MONTOTOT,:MONTOSAL,:MONTOEFE,:MONTOCHE,:MONTOTAR,:NOMBRE,:MARCA,:CONTADOR,:TOTCONTADOR,:CONTROLDOC,:MONTOPAGF,:RIF,:NIT,:MONTOCOS,:TIPODOC,:CAMBIO,:CODVEN,:TIPOCLI,:COMISV,:COMISC,:MONTORET,:PORRET,:MONTOPA,:COMISVEN,:COMISCOB,:DIRECCION,:CODALENT,:ACTBANCO,:MONTODESCUENTO,:MARCARE,:HORA,:CODUSER,:TOTALEXENTAS,:BASEIMPONIBLE,:OTRAPLAZA,:BASEIMPONIBLEIVA,:FACTORCAMBIO,:SIGNOMONEDA,:PARCONTROL,:VALIDOREIMPRIMIR);
-------------------------
May 10, 2025, 11:11 am
TRANSACCMAESTRO Params: {":CONTROL":"8194840264013415501",":TIPREG":1,":CODIGO":"CL-01-0006",":TIPTRAN":"PEDxCLI",":NUMREF":"0000000271",":DESCRIP1":"Cotizaciones 0000000271",":FECEMIS":"81948",":FECEMISS":"20250510",":DIASVEN":"30",":FECVENC":"81948",":FECVENCS":"20250510",":MONTOBRU":24.3,":MONTODES":0,":PORDES":0,":MONTOSUB":24.3,":MONTOIMP":0,":PORIMP":0,":MONTOPAG":0,":MONTOTOT":24.3,":MONTOSAL":24.3,":MONTOEFE":0,":MONTOCHE":0,":MONTOTAR":0,":NOMBRE":"EMILY ARLENE LEON LUO, AGROVET  FRONTERA",":MARCA":0,":CONTADOR":1,":TOTCONTADOR":0,":CONTROLDOC":"8194840264013415501",":MONTOPAGF":24.3,":RIF":"8-934-216",":NIT":"89",":MONTOCOS":0,":TIPODOC":0,":CAMBIO":0,":CODVEN":"DEMO",":TIPOCLI":"Contribuyente",":COMISV":0,":COMISC":0,":MONTORET":0,":PORRET":0,":MONTOPA":0,":COMISVEN":0,":COMISCOB":0,":DIRECCION":"C  PPAL EDIF. COLOR NARANJA A UN  COSTADO DE",":CODALENT":"01",":ACTBANCO":0,":MONTODESCUENTO":0,":MARCARE":0,":HORA":"4026401",":CODUSER":"INNOVA",":TOTALEXENTAS":0,":BASEIMPONIBLE":24.3,":OTRAPLAZA":0,":BASEIMPONIBLEIVA":24.3,":FACTORCAMBIO":1,":SIGNOMONEDA":"Balboa",":PARCONTROL":"1 ",":VALIDOREIMPRIMIR":""}
-------------------------
