October 25, 2025, 8:53 am
INSERT INTO TRANSACCDETALLES (CONTROL,CODPRO,CANTIDAD,PRECOSUNI,COSTOACT,COSTOPRO, 
                    IMPPOR,MONTOIMP,TOTAL,DESCRIP1,TIPTRAN,FECEMIS,FECEMISS,
                    PRECIO1,UTILPRECIO1,PRECIO2,UTILPRECIO2,PRECIO3,UTILPRECIO3,
                    MONTOCOS,TIPINV,FACCAM1,VALFOB1,COSTOFLE1,COSTOSEG1,VALORCIF1,COSTOARA1,COSTONAC1,COSTOADU1,
                    PAGOCOM1,GASTOADU1,OTROGAS1,COSTOFIN1,FACCAM2,VALFOB2,COSTOFLE2,COSTOSEG2,VALORCIF2,
                    COSTOARA2,COSTONAC2,COSTOADU2,PAGOCOM2,GASTOADU2,OTROGAS2,COSTOFIN2,
                    PRECIOE1,PRECIOE2,PRECIOE3,TIPODET,TIPPRO,TIPREG,CODIGO,
                    COMISVEN,COMISCOB,COMISTIP,CODALENT,FECHORA,PORDES,MONTODESCUENTO,COMPONENTE,FHPRODBASE,
                    PORCOMISION,MONTOCOMISION,DEVUELTA,CANTIDADDEV,ORIGEN,PRECIO,FACTORCAMBIO,
                    IMPPOR2,MONTOIMP2,IMPPOR3,MONTOIMP3,PROCESADO,CODIGODEP,GRUPOINV,CONLINEA,CODVEN,
                    PORRETTAR,MONTORETTAR,MESVENC,FECHAVENCE,LINEAOINV,NOMBRE,
                    PORCOMISDETAIL,PORDESGLO,MONTODESCUENTOGLO,CANTIDADFAC,PORREC,MONTORECARGA,PORRECARGOGLO,
                    MONTORECARGOGLO,CONSIGA,PARCONTROL,CANTIDADEMP,PRECOSUNIEMP) 
                    VALUES ('8211632039010178001','8021274036108',1,25.00,15.5300,16.1386,
                    .00,0,25,'5 Stagioni - Ciabatta Romana','PRE',
                    '82116','20251025',
                    0.00,0.00,0.00,0.00,0.00,0.00,16.1386,0,
                    0.00,0.00,0.00,0.00,0.00,0.00,0.00,0.00,0.00,0.00,0.00,0.00,
                    0.00,0.00,0.00,0.00,0.00,0.00,0.00,0.00,0.00,0.00,0.00,0.00,
                    0.00,0.00,0.00,0,0,1,'CC',
                    0.00,0.00,0,'01','8211632039011174001',0,
                    0.00,0,'8211632039011174001',
                    0.00,0.00,0,0.00,0,3,0.00,0.00,0.00,0.00,0.00,0,
                    '03','21',0,'01',
                    0.00,0.00,0,0,'01','MOSTRADOR',
                    0.00,0,0,0.00,0.00,0.00,0.00,0.00,0.00,
                    1 ,0.00,0.00);
-------------------------
October 25, 2025, 8:53 am
INSERT INTO TRANSACCDETALLES (CONTROL,CODPRO,CANTIDAD,PRECOSUNI,COSTOACT,COSTOPRO, 
                    IMPPOR,MONTOIMP,TOTAL,DESCRIP1,TIPTRAN,FECEMIS,FECEMISS,
                    PRECIO1,UTILPRECIO1,PRECIO2,UTILPRECIO2,PRECIO3,UTILPRECIO3,
                    MONTOCOS,TIPINV,FACCAM1,VALFOB1,COSTOFLE1,COSTOSEG1,VALORCIF1,COSTOARA1,COSTONAC1,COSTOADU1,
                    PAGOCOM1,GASTOADU1,OTROGAS1,COSTOFIN1,FACCAM2,VALFOB2,COSTOFLE2,COSTOSEG2,VALORCIF2,
                    COSTOARA2,COSTONAC2,COSTOADU2,PAGOCOM2,GASTOADU2,OTROGAS2,COSTOFIN2,
                    PRECIOE1,PRECIOE2,PRECIOE3,TIPODET,TIPPRO,TIPREG,CODIGO,
                    COMISVEN,COMISCOB,COMISTIP,CODALENT,FECHORA,PORDES,MONTODESCUENTO,COMPONENTE,FHPRODBASE,
                    PORCOMISION,MONTOCOMISION,DEVUELTA,CANTIDADDEV,ORIGEN,PRECIO,FACTORCAMBIO,
                    IMPPOR2,MONTOIMP2,IMPPOR3,MONTOIMP3,PROCESADO,CODIGODEP,GRUPOINV,CONLINEA,CODVEN,
                    PORRETTAR,MONTORETTAR,MESVENC,FECHAVENCE,LINEAOINV,NOMBRE,
                    PORCOMISDETAIL,PORDESGLO,MONTODESCUENTOGLO,CANTIDADFAC,PORREC,MONTORECARGA,PORRECARGOGLO,
                    MONTORECARGOGLO,CONSIGA,PARCONTROL,CANTIDADEMP,PRECOSUNIEMP) 
                    VALUES ('8211632039010178001','8021274403108',1,25,.0000,.0000,
                    .00,0,25,'5 Stagioni - Croissant 10Kg','PRE',
                    '82116','20251025',
                    0.00,0.00,0.00,0.00,0.00,0.00,0,0,
                    0.00,0.00,0.00,0.00,0.00,0.00,0.00,0.00,0.00,0.00,0.00,0.00,
                    0.00,0.00,0.00,0.00,0.00,0.00,0.00,0.00,0.00,0.00,0.00,0.00,
                    0.00,0.00,0.00,0,0,1,'CC',
                    0.00,0.00,0,'01','8211632039012478001',0,
                    0.00,0,'8211632039012478001',
                    0.00,0.00,0,0.00,0,3,0.00,0.00,0.00,0.00,0.00,0,
                    '03','01',0,'01',
                    0.00,0.00,0,0,'01','MOSTRADOR',
                    0.00,0,0,0.00,0.00,0.00,0.00,0.00,0.00,
                    1 ,0.00,0.00);
-------------------------
October 25, 2025, 8:53 am
TRANSACCMAESTRO Query: INSERT INTO TRANSACCMAESTRO (CONTROL,TIPREG,CODIGO,TIPTRAN,NUMREF,DESCRIP1,FECEMIS,FECEMISS,DIASVEN,FECVENC,FECVENCS,MONTOBRU,MONTODES,PORDES,MONTOSUB,MONTOIMP,PORIMP,MONTOPAG,MONTOTOT,MONTOSAL,MONTOEFE,MONTOCHE,MONTOTAR,NOMBRE,MARCA,CONTADOR,TOTCONTADOR,CONTROLDOC,MONTOPAGF,RIF,NIT,MONTOCOS,TIPODOC,CAMBIO,CODVEN,TIPOCLI,COMISV,COMISC,MONTORET,PORRET,MONTOPA,COMISVEN,COMISCOB,DIRECCION,CODALENT,ACTBANCO,MONTODESCUENTO,MARCARE,HORA,CODUSER,TOTALEXENTAS,BASEIMPONIBLE,OTRAPLAZA,BASEIMPONIBLEIVA,FACTORCAMBIO,SIGNOMONEDA,PARCONTROL,VALIDOREIMPRIMIR) VALUES (:CONTROL,:TIPREG,:CODIGO,:TIPTRAN,:NUMREF,:DESCRIP1,:FECEMIS,:FECEMISS,:DIASVEN,:FECVENC,:FECVENCS,:MONTOBRU,:MONTODES,:PORDES,:MONTOSUB,:MONTOIMP,:PORIMP,:MONTOPAG,:MONTOTOT,:MONTOSAL,:MONTOEFE,:MONTOCHE,:MONTOTAR,:NOMBRE,:MARCA,:CONTADOR,:TOTCONTADOR,:CONTROLDOC,:MONTOPAGF,:RIF,:NIT,:MONTOCOS,:TIPODOC,:CAMBIO,:CODVEN,:TIPOCLI,:COMISV,:COMISC,:MONTORET,:PORRET,:MONTOPA,:COMISVEN,:COMISCOB,:DIRECCION,:CODALENT,:ACTBANCO,:MONTODESCUENTO,:MARCARE,:HORA,:CODUSER,:TOTALEXENTAS,:BASEIMPONIBLE,:OTRAPLAZA,:BASEIMPONIBLEIVA,:FACTORCAMBIO,:SIGNOMONEDA,:PARCONTROL,:VALIDOREIMPRIMIR);
-------------------------
October 25, 2025, 8:53 am
TRANSACCMAESTRO Params: {":CONTROL":"8211632039010178001",":TIPREG":1,":CODIGO":"CC",":TIPTRAN":"PRE",":NUMREF":"0000000005",":DESCRIP1":"Cotizaciones 0000000005",":FECEMIS":"82116",":FECEMISS":"20251025",":DIASVEN":0,":FECVENC":"82116",":FECVENCS":"20251025",":MONTOBRU":50,":MONTODES":0,":PORDES":0,":MONTOSUB":50,":MONTOIMP":0,":PORIMP":0,":MONTOPAG":0,":MONTOTOT":50,":MONTOSAL":50,":MONTOEFE":50,":MONTOCHE":0,":MONTOTAR":0,":NOMBRE":"CLIENTE CONTADO",":MARCA":0,":CONTADOR":1,":TOTCONTADOR":0,":CONTROLDOC":"8211632039010178001",":MONTOPAGF":0,":RIF":"CC",":NIT":"",":MONTOCOS":0,":TIPODOC":0,":CAMBIO":0,":CODVEN":"01",":TIPOCLI":"Consumidor Final",":COMISV":0,":COMISC":0,":MONTORET":0,":PORRET":0,":MONTOPA":0,":COMISVEN":0,":COMISCOB":0,":DIRECCION":"PANAMA",":CODALENT":"01",":ACTBANCO":0,":MONTODESCUENTO":0,":MARCARE":0,":HORA":"3203901",":CODUSER":"001",":TOTALEXENTAS":0,":BASEIMPONIBLE":50,":OTRAPLAZA":0,":BASEIMPONIBLEIVA":50,":FACTORCAMBIO":1,":SIGNOMONEDA":"Balboa",":PARCONTROL":"1 ",":VALIDOREIMPRIMIR":""}
-------------------------
