July 4, 2025, 3:09 pm
SELECT CODPRO, EXISTENCIA AS EXISTENCIA, CANRESERVADA AS RESERVADA, PROCOMPUESTO, TIPINV FROM INVENTARIO WHERE CODPRO='001';
-------------------------
July 4, 2025, 3:09 pm
INSERT INTO TRANSACCDETALLES (CONTROL,CODPRO,CANTIDAD,PRECOSUNI,COSTOACT,COSTOPRO, 
                    IMPPOR,MONTOIMP,TOTAL,DESCRIP1,TIPTRAN,FECEMIS,FECEMISS,
                    PRECIO1,UTILPRECIO1,PRECIO2,UTILPRECIO2,PRECIO3,UTILPRECIO3,
                    MONTOCOS,TIPINV,FACCAM1,VALFOB1,COSTOFLE1,COSTOSEG1,VALORCIF1,COSTOARA1,COSTONAC1,COSTOADU1,
                    PAGOCOM1,GASTOADU1,OTROGAS1,COSTOFIN1,FACCAM2,VALFOB2,COSTOFLE2,COSTOSEG2,VALORCIF2,
                    COSTOARA2,COSTONAC2,COSTOADU2,PAGOCOM2,GASTOADU2,OTROGAS2,COSTOFIN2,
                    PRECIOE1,PRECIOE2,PRECIOE3,TIPODET,TIPPRO,TIPREG,CODIGO,
                    COMISVEN,COMISCOB,COMISTIP,CODALENT,FECHORA,PORDES,MONTODESCUENTO,COMPONENTE,FHPRODBASE,
                    PORCOMISION,MONTOCOMISION,DEVUELTA,CANTIDADDEV,ORIGEN,PRECIO,FACTORCAMBIO,
                    IMPPOR2,MONTOIMP2,IMPPOR3,MONTOIMP3,PROCESADO,CODIGODEP,GRUPOINV,CONLINEA,CODVEN,
                    PORRETTAR,MONTORETTAR,MESVENC,FECHAVENCE,LINEAOINV,NOMBRE,
                    PORCOMISDETAIL,PORDESGLO,MONTODESCUENTOGLO,CANTIDADFAC,PORREC,MONTORECARGA,PORRECARGOGLO,
                    MONTORECARGOGLO,CONSIGA,PARCONTROL,CANTIDADEMP,PRECOSUNIEMP) 
                    VALUES ('8200354593017645101','001',1,10.00,.0000,.0000,
                    7.00,0.7,10,'SERVICIO UNO','PEDxCLI',
                    '82003','20250704',
                    0.00,0.00,0.00,0.00,0.00,0.00,0,0,
                    0.00,0.00,0.00,0.00,0.00,0.00,0.00,0.00,0.00,0.00,0.00,0.00,
                    0.00,0.00,0.00,0.00,0.00,0.00,0.00,0.00,0.00,0.00,0.00,0.00,
                    0.00,0.00,0.00,0,0,1,'1',
                    0.00,0.00,0,'01','8200354593014598101',0,
                    0.00,0,'8200354593014598101',
                    0.00,0.00,0,0.00,0,3,0.00,0.00,0.00,0.00,0.00,0,
                    '01','01',0,'01',
                    0.00,0.00,0,0,'','MOSTRADOR',
                    0.00,0,0,0.00,0.00,0.00,0.00,0.00,0.00,
                    1 ,0.00,0.00);
-------------------------
July 4, 2025, 3:09 pm
UPDATE INVENTARIO SET CANRESERVADA=ISNULL(CANRESERVADA,0)+1 WHERE CODPRO='001';
-------------------------
July 4, 2025, 3:09 pm
TRANSACCMAESTRO Query: INSERT INTO TRANSACCMAESTRO (CONTROL,TIPREG,CODIGO,TIPTRAN,NUMREF,DESCRIP1,FECEMIS,FECEMISS,DIASVEN,FECVENC,FECVENCS,MONTOBRU,MONTODES,PORDES,MONTOSUB,MONTOIMP,PORIMP,MONTOPAG,MONTOTOT,MONTOSAL,MONTOEFE,MONTOCHE,MONTOTAR,NOMBRE,MARCA,CONTADOR,TOTCONTADOR,CONTROLDOC,MONTOPAGF,RIF,NIT,MONTOCOS,TIPODOC,CAMBIO,CODVEN,TIPOCLI,COMISV,COMISC,MONTORET,PORRET,MONTOPA,COMISVEN,COMISCOB,DIRECCION,CODALENT,ACTBANCO,MONTODESCUENTO,MARCARE,HORA,CODUSER,TOTALEXENTAS,BASEIMPONIBLE,OTRAPLAZA,BASEIMPONIBLEIVA,FACTORCAMBIO,SIGNOMONEDA,PARCONTROL,VALIDOREIMPRIMIR) VALUES (:CONTROL,:TIPREG,:CODIGO,:TIPTRAN,:NUMREF,:DESCRIP1,:FECEMIS,:FECEMISS,:DIASVEN,:FECVENC,:FECVENCS,:MONTOBRU,:MONTODES,:PORDES,:MONTOSUB,:MONTOIMP,:PORIMP,:MONTOPAG,:MONTOTOT,:MONTOSAL,:MONTOEFE,:MONTOCHE,:MONTOTAR,:NOMBRE,:MARCA,:CONTADOR,:TOTCONTADOR,:CONTROLDOC,:MONTOPAGF,:RIF,:NIT,:MONTOCOS,:TIPODOC,:CAMBIO,:CODVEN,:TIPOCLI,:COMISV,:COMISC,:MONTORET,:PORRET,:MONTOPA,:COMISVEN,:COMISCOB,:DIRECCION,:CODALENT,:ACTBANCO,:MONTODESCUENTO,:MARCARE,:HORA,:CODUSER,:TOTALEXENTAS,:BASEIMPONIBLE,:OTRAPLAZA,:BASEIMPONIBLEIVA,:FACTORCAMBIO,:SIGNOMONEDA,:PARCONTROL,:VALIDOREIMPRIMIR);
-------------------------
July 4, 2025, 3:09 pm
TRANSACCMAESTRO Params: {":CONTROL":"8200354593017645101",":TIPREG":1,":CODIGO":"1",":TIPTRAN":"PEDxCLI",":NUMREF":"0000000002",":DESCRIP1":"Cotizaciones 0000000002",":FECEMIS":"82003",":FECEMISS":"20250704",":DIASVEN":0,":FECVENC":"82003",":FECVENCS":"20250704",":MONTOBRU":10,":MONTODES":0,":PORDES":0,":MONTOSUB":10,":MONTOIMP":0.7000000000000001,":PORIMP":0,":MONTOPAG":0,":MONTOTOT":10.7,":MONTOSAL":10.7,":MONTOEFE":10.7,":MONTOCHE":0,":MONTOTAR":0,":NOMBRE":"CLIENTE , CONTADO ",":MARCA":0,":CONTADOR":1,":TOTCONTADOR":0,":CONTROLDOC":"8200354593017645101",":MONTOPAGF":0,":RIF":"1",":NIT":"",":MONTOCOS":0,":TIPODOC":0,":CAMBIO":0,":CODVEN":"01",":TIPOCLI":"Consumidor Final",":COMISV":0,":COMISC":0,":MONTORET":0,":PORRET":0,":MONTOPA":0,":COMISVEN":0,":COMISCOB":0,":DIRECCION":"BRASIL",":CODALENT":"01",":ACTBANCO":0,":MONTODESCUENTO":0,":MARCARE":0,":HORA":"5459301",":CODUSER":"001",":TOTALEXENTAS":0,":BASEIMPONIBLE":10,":OTRAPLAZA":0,":BASEIMPONIBLEIVA":10,":FACTORCAMBIO":1,":SIGNOMONEDA":"Balboa",":PARCONTROL":"1 ",":VALIDOREIMPRIMIR":""}
-------------------------
July 4, 2025, 3:09 pm
INSERT INTO TRANSACCIMPUESTOS (CONTROL,CONTROLIMP,VALORIMP,BASEIMPUESTO,
                    MONTOIMPUESTO,SUMABASE,SUMAIMP,CODIGOIMP) 
                    VALUES ('8200354593017645101','8200354593014537301',7.00,10,
                    0.7,1,1,1);
-------------------------
