June 19, 2025, 10:12 am
SELECT CODPRO, EXISTENCIA AS EXISTENCIA, CANRESERVADA AS RESERVADA, PROCOMPUESTO, TIPINV FROM INVENTARIO WHERE CODPRO='SERV01';
-------------------------
June 19, 2025, 10:12 am
INSERT INTO TRANSACCDETALLES (CONTROL,CODPRO,CANTIDAD,PRECOSUNI,COSTOACT,COSTOPRO, 
                    IMPPOR,MONTOIMP,TOTAL,DESCRIP1,TIPTRAN,FECEMIS,FECEMISS,
                    PRECIO1,UTILPRECIO1,PRECIO2,UTILPRECIO2,PRECIO3,UTILPRECIO3,
                    MONTOCOS,TIPINV,FACCAM1,VALFOB1,COSTOFLE1,COSTOSEG1,VALORCIF1,COSTOARA1,COSTONAC1,COSTOADU1,
                    PAGOCOM1,GASTOADU1,OTROGAS1,COSTOFIN1,FACCAM2,VALFOB2,COSTOFLE2,COSTOSEG2,VALORCIF2,
                    COSTOARA2,COSTONAC2,COSTOADU2,PAGOCOM2,GASTOADU2,OTROGAS2,COSTOFIN2,
                    PRECIOE1,PRECIOE2,PRECIOE3,TIPODET,TIPPRO,TIPREG,CODIGO,
                    COMISVEN,COMISCOB,COMISTIP,CODALENT,FECHORA,PORDES,MONTODESCUENTO,COMPONENTE,FHPRODBASE,
                    PORCOMISION,MONTOCOMISION,DEVUELTA,CANTIDADDEV,ORIGEN,PRECIO,FACTORCAMBIO,
                    IMPPOR2,MONTOIMP2,IMPPOR3,MONTOIMP3,PROCESADO,CODIGODEP,GRUPOINV,CONLINEA,CODVEN,
                    PORRETTAR,MONTORETTAR,MESVENC,FECHAVENCE,LINEAOINV,NOMBRE,
                    PORCOMISDETAIL,PORDESGLO,MONTODESCUENTOGLO,CANTIDADFAC,PORREC,MONTORECARGA,PORRECARGOGLO,
                    MONTORECARGOGLO,CONSIGA,PARCONTROL,CANTIDADEMP,PRECOSUNIEMP) 
                    VALUES ('8198836732014908601','SERV01',1,0.01,.0000,.0000,
                    .00,0,0.01,'SERVICIO DE PRUEBA','PEDxCLI',
                    '81988','20250619',
                    0.00,0.00,0.00,0.00,0.00,0.00,0,0,
                    0.00,0.00,0.00,0.00,0.00,0.00,0.00,0.00,0.00,0.00,0.00,0.00,
                    0.00,0.00,0.00,0.00,0.00,0.00,0.00,0.00,0.00,0.00,0.00,0.00,
                    0.00,0.00,0.00,0,0,1,'PRUEBA',
                    0.00,0.00,0,'01','8198836732019486801',0,
                    0.00,0,'8198836732019486801',
                    0.00,0.00,0,0.00,0,3,0.00,0.00,0.00,0.00,0.00,0,
                    '01','',0,'01',
                    0.00,0.00,0,0,'','VENTAS DIRECTAS',
                    0.00,0,0,0.00,0.00,0.00,0.00,0.00,0.00,
                    1 ,0.00,0.00);
-------------------------
June 19, 2025, 10:12 am
UPDATE INVENTARIO SET CANRESERVADA=ISNULL(CANRESERVADA,0)+1 WHERE CODPRO='SERV01';
-------------------------
June 19, 2025, 10:12 am
TRANSACCMAESTRO Query: INSERT INTO TRANSACCMAESTRO (CONTROL,TIPREG,CODIGO,TIPTRAN,NUMREF,DESCRIP1,FECEMIS,FECEMISS,DIASVEN,FECVENC,FECVENCS,MONTOBRU,MONTODES,PORDES,MONTOSUB,MONTOIMP,PORIMP,MONTOPAG,MONTOTOT,MONTOSAL,MONTOEFE,MONTOCHE,MONTOTAR,NOMBRE,MARCA,CONTADOR,TOTCONTADOR,CONTROLDOC,MONTOPAGF,RIF,NIT,MONTOCOS,TIPODOC,CAMBIO,CODVEN,TIPOCLI,COMISV,COMISC,MONTORET,PORRET,MONTOPA,COMISVEN,COMISCOB,DIRECCION,CODALENT,ACTBANCO,MONTODESCUENTO,MARCARE,HORA,CODUSER,TOTALEXENTAS,BASEIMPONIBLE,OTRAPLAZA,BASEIMPONIBLEIVA,FACTORCAMBIO,SIGNOMONEDA,PARCONTROL,VALIDOREIMPRIMIR) VALUES (:CONTROL,:TIPREG,:CODIGO,:TIPTRAN,:NUMREF,:DESCRIP1,:FECEMIS,:FECEMISS,:DIASVEN,:FECVENC,:FECVENCS,:MONTOBRU,:MONTODES,:PORDES,:MONTOSUB,:MONTOIMP,:PORIMP,:MONTOPAG,:MONTOTOT,:MONTOSAL,:MONTOEFE,:MONTOCHE,:MONTOTAR,:NOMBRE,:MARCA,:CONTADOR,:TOTCONTADOR,:CONTROLDOC,:MONTOPAGF,:RIF,:NIT,:MONTOCOS,:TIPODOC,:CAMBIO,:CODVEN,:TIPOCLI,:COMISV,:COMISC,:MONTORET,:PORRET,:MONTOPA,:COMISVEN,:COMISCOB,:DIRECCION,:CODALENT,:ACTBANCO,:MONTODESCUENTO,:MARCARE,:HORA,:CODUSER,:TOTALEXENTAS,:BASEIMPONIBLE,:OTRAPLAZA,:BASEIMPONIBLEIVA,:FACTORCAMBIO,:SIGNOMONEDA,:PARCONTROL,:VALIDOREIMPRIMIR);
-------------------------
June 19, 2025, 10:12 am
TRANSACCMAESTRO Params: {":CONTROL":"8198836732014908601",":TIPREG":1,":CODIGO":"PRUEBA",":TIPTRAN":"PEDxCLI",":NUMREF":"0000000274",":DESCRIP1":"Cotizaciones 0000000274",":FECEMIS":"81988",":FECEMISS":"20250619",":DIASVEN":0,":FECVENC":"81988",":FECVENCS":"20250619",":MONTOBRU":0.01,":MONTODES":0,":PORDES":0,":MONTOSUB":0.01,":MONTOIMP":0,":PORIMP":0,":MONTOPAG":0,":MONTOTOT":0.01,":MONTOSAL":0.01,":MONTOEFE":0.01,":MONTOCHE":0,":MONTOTAR":0,":NOMBRE":"CLIENTE DE PRUEBA",":MARCA":0,":CONTADOR":1,":TOTCONTADOR":0,":CONTROLDOC":"8198836732014908601",":MONTOPAGF":0,":RIF":"PRUEBA",":NIT":"",":MONTOCOS":0,":TIPODOC":0,":CAMBIO":0,":CODVEN":"01",":TIPOCLI":"Consumidor Final",":COMISV":0,":COMISC":0,":MONTORET":0,":PORRET":0,":MONTOPA":0,":COMISVEN":0,":COMISCOB":0,":DIRECCION":"PANAMA",":CODALENT":"01",":ACTBANCO":0,":MONTODESCUENTO":0,":MARCARE":0,":HORA":"3673201",":CODUSER":"002",":TOTALEXENTAS":0,":BASEIMPONIBLE":0.01,":OTRAPLAZA":0,":BASEIMPONIBLEIVA":0.01,":FACTORCAMBIO":1,":SIGNOMONEDA":"Balboa",":PARCONTROL":"1 ",":VALIDOREIMPRIMIR":""}
-------------------------
