May 10, 2025, 11:26 am
UPDATE INVENTARIO SET CANRESERVADA=ISNULL(CANRESERVADA,0)+1 WHERE CODPRO='RV-2425';
-------------------------
May 10, 2025, 11:26 am
INSERT INTO TRANSACCDETALLES (CONTROL,CODPRO,CANTIDAD,PRECOSUNI,COSTOACT,COSTOPRO, 
                    IMPPOR,MONTOIMP,TOTAL,DESCRIP1,TIPTRAN,FECEMIS,FECEMISS,
                    PRECIO1,UTILPRECIO1,PRECIO2,UTILPRECIO2,PRECIO3,UTILPRECIO3,
                    MONTOCOS,TIPINV,FACCAM1,VALFOB1,COSTOFLE1,COSTOSEG1,VALORCIF1,COSTOARA1,COSTONAC1,COSTOADU1,
                    PAGOCOM1,GASTOADU1,OTROGAS1,COSTOFIN1,FACCAM2,VALFOB2,COSTOFLE2,COSTOSEG2,VALORCIF2,
                    COSTOARA2,COSTONAC2,COSTOADU2,PAGOCOM2,GASTOADU2,OTROGAS2,COSTOFIN2,
                    PRECIOE1,PRECIOE2,PRECIOE3,TIPODET,TIPPRO,TIPREG,CODIGO,
                    COMISVEN,COMISCOB,COMISTIP,CODALENT,FECHORA,PORDES,MONTODESCUENTO,COMPONENTE,FHPRODBASE,
                    PORCOMISION,MONTOCOMISION,DEVUELTA,CANTIDADDEV,ORIGEN,PRECIO,FACTORCAMBIO,
                    IMPPOR2,MONTOIMP2,IMPPOR3,MONTOIMP3,PROCESADO,CODIGODEP,GRUPOINV,CONLINEA,CODVEN,
                    PORRETTAR,MONTORETTAR,MESVENC,FECHAVENCE,LINEAOINV,NOMBRE,
                    PORCOMISDETAIL,PORDESGLO,MONTODESCUENTOGLO,CANTIDADFAC,PORREC,MONTORECARGA,PORRECARGOGLO,
                    MONTORECARGOGLO,CONSIGA,PARCONTROL,CANTIDADEMP,PRECOSUNIEMP) 
                    VALUES ('8194841201018941001','RV-2465',1,9.99,4.9933,4.9933,
                    .00,0,9.99,'FIPRONEX G5 X 110 ML','PEDxCLI',
                    '81948','20250510',
                    0.00,0.00,0.00,0.00,0.00,0.00,4.9933,0,
                    0.00,0.00,0.00,0.00,0.00,0.00,0.00,0.00,0.00,0.00,0.00,0.00,
                    0.00,0.00,0.00,0.00,0.00,0.00,0.00,0.00,0.00,0.00,0.00,0.00,
                    0.00,0.00,0.00,0,0,1,'CL-01-0006',
                    0.00,0.00,0,'01','8194841202019725701',0,
                    0.00,0,'8194841202019725701',
                    0.00,0.00,0,0.00,0,3,0.00,0.00,0.00,0.00,0.00,0,
                    '01','03',0,'DEMO',
                    0.00,0.00,0,0,'07','VENDEDOR DEMO',
                    0.00,0,0,0.00,0.00,0.00,0.00,0.00,0.00,
                    1 ,0.00,0.00);
-------------------------
May 10, 2025, 11:26 am
UPDATE INVENTARIO SET CANRESERVADA=ISNULL(CANRESERVADA,0)+1 WHERE CODPRO='RV-2465';
-------------------------
May 10, 2025, 11:26 am
TRANSACCMAESTRO Query: INSERT INTO TRANSACCMAESTRO (CONTROL,TIPREG,CODIGO,TIPTRAN,NUMREF,DESCRIP1,FECEMIS,FECEMISS,DIASVEN,FECVENC,FECVENCS,MONTOBRU,MONTODES,PORDES,MONTOSUB,MONTOIMP,PORIMP,MONTOPAG,MONTOTOT,MONTOSAL,MONTOEFE,MONTOCHE,MONTOTAR,NOMBRE,MARCA,CONTADOR,TOTCONTADOR,CONTROLDOC,MONTOPAGF,RIF,NIT,MONTOCOS,TIPODOC,CAMBIO,CODVEN,TIPOCLI,COMISV,COMISC,MONTORET,PORRET,MONTOPA,COMISVEN,COMISCOB,DIRECCION,CODALENT,ACTBANCO,MONTODESCUENTO,MARCARE,HORA,CODUSER,TOTALEXENTAS,BASEIMPONIBLE,OTRAPLAZA,BASEIMPONIBLEIVA,FACTORCAMBIO,SIGNOMONEDA,PARCONTROL,VALIDOREIMPRIMIR) VALUES (:CONTROL,:TIPREG,:CODIGO,:TIPTRAN,:NUMREF,:DESCRIP1,:FECEMIS,:FECEMISS,:DIASVEN,:FECVENC,:FECVENCS,:MONTOBRU,:MONTODES,:PORDES,:MONTOSUB,:MONTOIMP,:PORIMP,:MONTOPAG,:MONTOTOT,:MONTOSAL,:MONTOEFE,:MONTOCHE,:MONTOTAR,:NOMBRE,:MARCA,:CONTADOR,:TOTCONTADOR,:CONTROLDOC,:MONTOPAGF,:RIF,:NIT,:MONTOCOS,:TIPODOC,:CAMBIO,:CODVEN,:TIPOCLI,:COMISV,:COMISC,:MONTORET,:PORRET,:MONTOPA,:COMISVEN,:COMISCOB,:DIRECCION,:CODALENT,:ACTBANCO,:MONTODESCUENTO,:MARCARE,:HORA,:CODUSER,:TOTALEXENTAS,:BASEIMPONIBLE,:OTRAPLAZA,:BASEIMPONIBLEIVA,:FACTORCAMBIO,:SIGNOMONEDA,:PARCONTROL,:VALIDOREIMPRIMIR);
-------------------------
May 10, 2025, 11:26 am
TRANSACCMAESTRO Params: {":CONTROL":"8194841201018941001",":TIPREG":1,":CODIGO":"CL-01-0006",":TIPTRAN":"PEDxCLI",":NUMREF":"0000000273",":DESCRIP1":"Cotizaciones 0000000273",":FECEMIS":"81948",":FECEMISS":"20250510",":DIASVEN":0,":FECVENC":"81948",":FECVENCS":"20250510",":MONTOBRU":21.88,":MONTODES":0,":PORDES":0,":MONTOSUB":21.88,":MONTOIMP":0,":PORIMP":0,":MONTOPAG":0,":MONTOTOT":21.88,":MONTOSAL":21.88,":MONTOEFE":21.88,":MONTOCHE":0,":MONTOTAR":0,":NOMBRE":"EMILY ARLENE LEON LUO, AGROVET  FRONTERA",":MARCA":0,":CONTADOR":1,":TOTCONTADOR":0,":CONTROLDOC":"8194841201018941001",":MONTOPAGF":0,":RIF":"CL-01-0006",":NIT":"89",":MONTOCOS":0,":TIPODOC":0,":CAMBIO":0,":CODVEN":"DEMO",":TIPOCLI":"Contribuyente",":COMISV":0,":COMISC":0,":MONTORET":0,":PORRET":0,":MONTOPA":0,":COMISVEN":0,":COMISCOB":0,":DIRECCION":"C  PPAL EDIF. COLOR NARANJA A UN  COSTADO DE",":CODALENT":"01",":ACTBANCO":0,":MONTODESCUENTO":0,":MARCARE":0,":HORA":"4120201",":CODUSER":"INNOVA",":TOTALEXENTAS":0,":BASEIMPONIBLE":21.88,":OTRAPLAZA":0,":BASEIMPONIBLEIVA":21.88,":FACTORCAMBIO":1,":SIGNOMONEDA":"Balboa",":PARCONTROL":"1 ",":VALIDOREIMPRIMIR":""}
-------------------------
