July 1, 2025, 11:27 am
INSERT INTO TRANSACCDETALLES (CONTROL,CODPRO,CANTIDAD,PRECOSUNI,COSTOACT,COSTOPRO, 
                    IMPPOR,MONTOIMP,TOTAL,DESCRIP1,TIPTRAN,FECEMIS,FECEMISS,
                    PRECIO1,UTILPRECIO1,PRECIO2,UTILPRECIO2,PRECIO3,UTILPRECIO3,
                    MONTOCOS,TIPINV,FACCAM1,VALFOB1,COSTOFLE1,COSTOSEG1,VALORCIF1,COSTOARA1,COSTONAC1,COSTOADU1,
                    PAGOCOM1,GASTOADU1,OTROGAS1,COSTOFIN1,FACCAM2,VALFOB2,COSTOFLE2,COSTOSEG2,VALORCIF2,
                    COSTOARA2,COSTONAC2,COSTOADU2,PAGOCOM2,GASTOADU2,OTROGAS2,COSTOFIN2,
                    PRECIOE1,PRECIOE2,PRECIOE3,TIPODET,TIPPRO,TIPREG,CODIGO,
                    COMISVEN,COMISCOB,COMISTIP,CODALENT,FECHORA,PORDES,MONTODESCUENTO,COMPONENTE,FHPRODBASE,
                    PORCOMISION,MONTOCOMISION,DEVUELTA,CANTIDADDEV,ORIGEN,PRECIO,FACTORCAMBIO,
                    IMPPOR2,MONTOIMP2,IMPPOR3,MONTOIMP3,PROCESADO,CODIGODEP,GRUPOINV,CONLINEA,CODVEN,
                    PORRETTAR,MONTORETTAR,MESVENC,FECHAVENCE,LINEAOINV,NOMBRE,
                    PORCOMISDETAIL,PORDESGLO,MONTODESCUENTOGLO,CANTIDADFAC,PORREC,MONTORECARGA,PORRECARGOGLO,
                    MONTORECARGOGLO,CONSIGA,PARCONTROL,CANTIDADEMP,PRECOSUNIEMP) 
                    VALUES ('8200041223011314301','RV-2439',1,19.62,7.3300,7.6963,
                    .00,0,9.62,'CARPRODYL 100 X 20 TAB','PEDxCLI',
                    '82000','20250701',
                    0.00,0.00,0.00,0.00,0.00,0.00,7.6963,0,
                    0.00,0.00,0.00,0.00,0.00,0.00,0.00,0.00,0.00,0.00,0.00,0.00,
                    0.00,0.00,0.00,0.00,0.00,0.00,0.00,0.00,0.00,0.00,0.00,0.00,
                    0.00,0.00,0.00,0,0,1,'PRUEBA',
                    0.00,0.00,0,'01','8200041224013572201',0,
                    0.00,0,'8200041224013572201',
                    0.00,0.00,0,0.00,0,3,0.00,0.00,0.00,0.00,0.00,0,
                    '01','03',0,'01',
                    0.00,0.00,0,0,'04','VENTAS DIRECTAS',
                    0.00,50.968399592253,10,0.00,0.00,0.00,0.00,0.00,0.00,
                    1 ,0.00,0.00);
-------------------------
July 1, 2025, 11:27 am
UPDATE INVENTARIO SET CANRESERVADA=ISNULL(CANRESERVADA,0)+1 WHERE CODPRO='RV-2439';
-------------------------
July 1, 2025, 11:27 am
TRANSACCMAESTRO Query: INSERT INTO TRANSACCMAESTRO (CONTROL,TIPREG,CODIGO,TIPTRAN,NUMREF,DESCRIP1,FECEMIS,FECEMISS,DIASVEN,FECVENC,FECVENCS,MONTOBRU,MONTODES,PORDES,MONTOSUB,MONTOIMP,PORIMP,MONTOPAG,MONTOTOT,MONTOSAL,MONTOEFE,MONTOCHE,MONTOTAR,NOMBRE,MARCA,CONTADOR,TOTCONTADOR,CONTROLDOC,MONTOPAGF,RIF,NIT,MONTOCOS,TIPODOC,CAMBIO,CODVEN,TIPOCLI,COMISV,COMISC,MONTORET,PORRET,MONTOPA,COMISVEN,COMISCOB,DIRECCION,CODALENT,ACTBANCO,MONTODESCUENTO,MARCARE,HORA,CODUSER,TOTALEXENTAS,BASEIMPONIBLE,OTRAPLAZA,BASEIMPONIBLEIVA,FACTORCAMBIO,SIGNOMONEDA,PARCONTROL,VALIDOREIMPRIMIR) VALUES (:CONTROL,:TIPREG,:CODIGO,:TIPTRAN,:NUMREF,:DESCRIP1,:FECEMIS,:FECEMISS,:DIASVEN,:FECVENC,:FECVENCS,:MONTOBRU,:MONTODES,:PORDES,:MONTOSUB,:MONTOIMP,:PORIMP,:MONTOPAG,:MONTOTOT,:MONTOSAL,:MONTOEFE,:MONTOCHE,:MONTOTAR,:NOMBRE,:MARCA,:CONTADOR,:TOTCONTADOR,:CONTROLDOC,:MONTOPAGF,:RIF,:NIT,:MONTOCOS,:TIPODOC,:CAMBIO,:CODVEN,:TIPOCLI,:COMISV,:COMISC,:MONTORET,:PORRET,:MONTOPA,:COMISVEN,:COMISCOB,:DIRECCION,:CODALENT,:ACTBANCO,:MONTODESCUENTO,:MARCARE,:HORA,:CODUSER,:TOTALEXENTAS,:BASEIMPONIBLE,:OTRAPLAZA,:BASEIMPONIBLEIVA,:FACTORCAMBIO,:SIGNOMONEDA,:PARCONTROL,:VALIDOREIMPRIMIR);
-------------------------
July 1, 2025, 11:27 am
TRANSACCMAESTRO Params: {":CONTROL":"8200041223011314301",":TIPREG":1,":CODIGO":"PRUEBA",":TIPTRAN":"PEDxCLI",":NUMREF":"0000000275",":DESCRIP1":"Cotizaciones 0000000275",":FECEMIS":"82000",":FECEMISS":"20250701",":DIASVEN":0,":FECVENC":"82000",":FECVENCS":"20250701",":MONTOBRU":19.62,":MONTODES":10,":PORDES":50.9683995922528,":MONTOSUB":19.62,":MONTOIMP":0,":PORIMP":0,":MONTOPAG":0,":MONTOTOT":9.62,":MONTOSAL":19.62,":MONTOEFE":19.62,":MONTOCHE":0,":MONTOTAR":0,":NOMBRE":"CLIENTE DE PRUEBA",":MARCA":0,":CONTADOR":1,":TOTCONTADOR":0,":CONTROLDOC":"8200041223011314301",":MONTOPAGF":0,":RIF":"PRUEBA",":NIT":"",":MONTOCOS":0,":TIPODOC":0,":CAMBIO":0,":CODVEN":"01",":TIPOCLI":"Consumidor Final",":COMISV":0,":COMISC":0,":MONTORET":0,":PORRET":0,":MONTOPA":0,":COMISVEN":0,":COMISCOB":0,":DIRECCION":"PANAMA",":CODALENT":"01",":ACTBANCO":0,":MONTODESCUENTO":0,":MARCARE":0,":HORA":"4122401",":CODUSER":"002",":TOTALEXENTAS":0,":BASEIMPONIBLE":9.62,":OTRAPLAZA":0,":BASEIMPONIBLEIVA":9.62,":FACTORCAMBIO":1,":SIGNOMONEDA":"Balboa",":PARCONTROL":"1 ",":VALIDOREIMPRIMIR":""}
-------------------------
