May 10, 2025, 11:26 am
SELECT CODPRO, EXISTENCIA AS EXISTENCIA, CANRESERVADA AS RESERVADA, PROCOMPUESTO, TIPINV FROM INVENTARIO WHERE CODPRO='RV-2425';
-------------------------
May 10, 2025, 11:26 am
SELECT CODPRO, EXISTENCIA AS EXISTENCIA, CANRESERVADA AS RESERVADA, PROCOMPUESTO, TIPINV FROM INVENTARIO WHERE CODPRO='RV-2465';
-------------------------
May 10, 2025, 11:26 am
INSERT INTO TRANSACCDETALLES (CONTROL,CODPRO,CANTIDAD,PRECOSUNI,COSTOACT,COSTOPRO, 
                    IMPPOR,MONTOIMP,TOTAL,DESCRIP1,TIPTRAN,FECEMIS,FECEMISS,
                    PRECIO1,UTILPRECIO1,PRECIO2,UTILPRECIO2,PRECIO3,UTILPRECIO3,
                    MONTOCOS,TIPINV,FACCAM1,VALFOB1,COSTOFLE1,COSTOSEG1,VALORCIF1,COSTOARA1,COSTONAC1,COSTOADU1,
                    PAGOCOM1,GASTOADU1,OTROGAS1,COSTOFIN1,FACCAM2,VALFOB2,COSTOFLE2,COSTOSEG2,VALORCIF2,
                    COSTOARA2,COSTONAC2,COSTOADU2,PAGOCOM2,GASTOADU2,OTROGAS2,COSTOFIN2,
                    PRECIOE1,PRECIOE2,PRECIOE3,TIPODET,TIPPRO,TIPREG,CODIGO,
                    COMISVEN,COMISCOB,COMISTIP,CODALENT,FECHORA,PORDES,MONTODESCUENTO,COMPONENTE,FHPRODBASE,
                    PORCOMISION,MONTOCOMISION,DEVUELTA,CANTIDADDEV,ORIGEN,PRECIO,FACTORCAMBIO,
                    IMPPOR2,MONTOIMP2,IMPPOR3,MONTOIMP3,PROCESADO,CODIGODEP,GRUPOINV,CONLINEA,CODVEN,
                    PORRETTAR,MONTORETTAR,MESVENC,FECHAVENCE,LINEAOINV,NOMBRE,
                    PORCOMISDETAIL,PORDESGLO,MONTODESCUENTOGLO,CANTIDADFAC,PORREC,MONTORECARGA,PORRECARGOGLO,
                    MONTORECARGOGLO,CONSIGA,PARCONTROL,CANTIDADEMP,PRECOSUNIEMP) 
                    VALUES ('8194841201018941001','RV-2425',1,11.89,3.5667,3.5667,
                    .00,0,11.89,'CANI-TABS CALMING+RELAX X 60 TAB','PEDxCLI',
                    '81948','20250510',
                    0.00,0.00,0.00,0.00,0.00,0.00,3.5667,0,
                    0.00,0.00,0.00,0.00,0.00,0.00,0.00,0.00,0.00,0.00,0.00,0.00,
                    0.00,0.00,0.00,0.00,0.00,0.00,0.00,0.00,0.00,0.00,0.00,0.00,
                    0.00,0.00,0.00,0,0,1,'CL-01-0006',
                    0.00,0.00,0,'01','8194841201016693901',0,
                    0.00,0,'8194841201016693901',
                    0.00,0.00,0,0.00,0,3,0.00,0.00,0.00,0.00,0.00,0,
                    '01','03',0,'DEMO',
                    0.00,0.00,0,0,'12','VENDEDOR DEMO',
                    0.00,0,0,0.00,0.00,0.00,0.00,0.00,0.00,
                    1 ,0.00,0.00);
-------------------------
